# JRE version: Java(TM) SE Runtime Environment (8.0_121-b13) (build 1.8.0_121-b13)
# Java VM: Java HotSpot(TM) 64-Bit Server VM (25.121-b13 mixed mode windows-amd64 compressed oops)
Heap:
 PSYoungGen      total 254464K, used 72768K [0x000000076bf80000, 0x000000077f580000, 0x00000007c0000000)
  eden space 244736K, 29% used [0x000000076bf80000,0x00000007706902a8,0x000000077ae80000)
  from space 9728K, 0% used [0x000000077ec00000,0x000000077ec00000,0x000000077f580000)
  to   space 16384K, 0% used [0x000000077d580000,0x000000077d580000,0x000000077e580000)
 ParOldGen       total 220672K, used 25571K [0x00000006c3e00000, 0x00000006d1580000, 0x000000076bf80000)
  object space 220672K, 11% used [0x00000006c3e00000,0x00000006c56f8e28,0x00000006d1580000)
 Metaspace       used 70944K, capacity 75142K, committed 75480K, reserved 1114112K
  class space    used 9462K, capacity 10166K, committed 10240K, reserved 1048576K
GC Heap History (10 events):
Event: 4495.763 GC heap before
{Heap before GC invocations=16 (full 3):
 PSYoungGen      total 278528K, used 278521K [0x000000076bf80000, 0x0000000781380000, 0x00000007c0000000)
  eden space 266240K, 100% used [0x000000076bf80000,0x000000077c380000,0x000000077c380000)
  from space 12288K, 99% used [0x0000000780780000,0x000000078137e400,0x0000000781380000)
  to   space 18432K, 0% used [0x000000077ef80000,0x000000077ef80000,0x0000000780180000)
 ParOldGen       total 220672K, used 28043K [0x00000006c3e00000, 0x00000006d1580000, 0x000000076bf80000)
  object space 220672K, 12% used [0x00000006c3e00000,0x00000006c5962fd8,0x00000006d1580000)
 Metaspace       used 70722K, capacity 74944K, committed 75224K, reserved 1114112K
  class space    used 9435K, capacity 10146K, committed 10240K, reserved 1048576K
Event: 4495.776 GC heap after
Heap after GC invocations=16 (full 3):
 PSYoungGen      total 269312K, used 10728K [0x000000076bf80000, 0x0000000780800000, 0x00000007c0000000)
  eden space 258560K, 0% used [0x000000076bf80000,0x000000076bf80000,0x000000077bc00000)
  from space 10752K, 99% used [0x000000077ef80000,0x000000077f9fa080,0x000000077fa00000)
  to   space 14336K, 0% used [0x000000077fa00000,0x000000077fa00000,0x0000000780800000)
 ParOldGen       total 220672K, used 28051K [0x00000006c3e00000, 0x00000006d1580000, 0x000000076bf80000)
  object space 220672K, 12% used [0x00000006c3e00000,0x00000006c5964fd8,0x00000006d1580000)
 Metaspace       used 70722K, capacity 74944K, committed 75224K, reserved 1114112K
  class space    used 9435K, capacity 10146K, committed 10240K, reserved 1048576K
}
Event: 5003.756 GC heap before
{Heap before GC invocations=17 (full 3):
 PSYoungGen      total 269312K, used 269288K [0x000000076bf80000, 0x0000000780800000, 0x00000007c0000000)
  eden space 258560K, 100% used [0x000000076bf80000,0x000000077bc00000,0x000000077bc00000)
  from space 10752K, 99% used [0x000000077ef80000,0x000000077f9fa080,0x000000077fa00000)
  to   space 14336K, 0% used [0x000000077fa00000,0x000000077fa00000,0x0000000780800000)
 ParOldGen       total 220672K, used 28051K [0x00000006c3e00000, 0x00000006d1580000, 0x000000076bf80000)
  object space 220672K, 12% used [0x00000006c3e00000,0x00000006c5964fd8,0x00000006d1580000)
 Metaspace       used 70730K, capacity 74944K, committed 75224K, reserved 1114112K
  class space    used 9435K, capacity 10146K, committed 10240K, reserved 1048576K
Event: 5003.784 GC heap after
Heap after GC invocations=17 (full 3):
 PSYoungGen      total 261632K, used 9784K [0x000000076bf80000, 0x0000000780400000, 0x00000007c0000000)
  eden space 251392K, 0% used [0x000000076bf80000,0x000000076bf80000,0x000000077b500000)
  from space 10240K, 95% used [0x000000077fa00000,0x000000078038e070,0x0000000780400000)
  to   space 17408K, 0% used [0x000000077e200000,0x000000077e200000,0x000000077f300000)
 ParOldGen       total 220672K, used 28059K [0x00000006c3e00000, 0x00000006d1580000, 0x000000076bf80000)
  object space 220672K, 12% used [0x00000006c3e00000,0x00000006c5966fd8,0x00000006d1580000)
 Metaspace       used 70730K, capacity 74944K, committed 75224K, reserved 1114112K
  class space    used 9435K, capacity 10146K, committed 10240K, reserved 1048576K
}
Event: 18934.802 GC heap before
{Heap before GC invocations=18 (full 3):
 PSYoungGen      total 261632K, used 261176K [0x000000076bf80000, 0x0000000780400000, 0x00000007c0000000)
  eden space 251392K, 100% used [0x000000076bf80000,0x000000077b500000,0x000000077b500000)
  from space 10240K, 95% used [0x000000077fa00000,0x000000078038e070,0x0000000780400000)
  to   space 17408K, 0% used [0x000000077e200000,0x000000077e200000,0x000000077f300000)
 ParOldGen       total 220672K, used 28059K [0x00000006c3e00000, 0x00000006d1580000, 0x000000076bf80000)
  object space 220672K, 12% used [0x00000006c3e00000,0x00000006c5966fd8,0x00000006d1580000)
 Metaspace       used 70736K, capacity 74944K, committed 75224K, reserved 1114112K
  class space    used 9436K, capacity 10146K, committed 10240K, reserved 1048576K
Event: 18934.817 GC heap after
Heap after GC invocations=18 (full 3):
 PSYoungGen      total 254976K, used 9816K [0x000000076bf80000, 0x000000077fa80000, 0x00000007c0000000)
  eden space 244736K, 0% used [0x000000076bf80000,0x000000076bf80000,0x000000077ae80000)
  from space 10240K, 95% used [0x000000077e200000,0x000000077eb96050,0x000000077ec00000)
  to   space 14848K, 0% used [0x000000077ec00000,0x000000077ec00000,0x000000077fa80000)
 ParOldGen       total 220672K, used 28067K [0x00000006c3e00000, 0x00000006d1580000, 0x000000076bf80000)
  object space 220672K, 12% used [0x00000006c3e00000,0x00000006c5968fd8,0x00000006d1580000)
 Metaspace       used 70736K, capacity 74944K, committed 75224K, reserved 1114112K
  class space    used 9436K, capacity 10146K, committed 10240K, reserved 1048576K
}
Event: 18948.811 GC heap before
{Heap before GC invocations=19 (full 3):
 PSYoungGen      total 254976K, used 21520K [0x000000076bf80000, 0x000000077fa80000, 0x00000007c0000000)
  eden space 244736K, 4% used [0x000000076bf80000,0x000000076caee398,0x000000077ae80000)
  from space 10240K, 95% used [0x000000077e200000,0x000000077eb96050,0x000000077ec00000)
  to   space 14848K, 0% used [0x000000077ec00000,0x000000077ec00000,0x000000077fa80000)
 ParOldGen       total 220672K, used 28067K [0x00000006c3e00000, 0x00000006d1580000, 0x000000076bf80000)
  object space 220672K, 12% used [0x00000006c3e00000,0x00000006c5968fd8,0x00000006d1580000)
 Metaspace       used 70833K, capacity 75072K, committed 75224K, reserved 1114112K
  class space    used 9454K, capacity 10161K, committed 10240K, reserved 1048576K
Event: 18948.853 GC heap after
Heap after GC invocations=19 (full 3):
 PSYoungGen      total 254464K, used 9248K [0x000000076bf80000, 0x000000077f580000, 0x00000007c0000000)
  eden space 244736K, 0% used [0x000000076bf80000,0x000000076bf80000,0x000000077ae80000)
  from space 9728K, 95% used [0x000000077ec00000,0x000000077f508050,0x000000077f580000)
  to   space 16384K, 0% used [0x000000077d580000,0x000000077d580000,0x000000077e580000)
 ParOldGen       total 220672K, used 28075K [0x00000006c3e00000, 0x00000006d1580000, 0x000000076bf80000)
  object space 220672K, 12% used [0x00000006c3e00000,0x00000006c596afd8,0x00000006d1580000)
 Metaspace       used 70833K, capacity 75072K, committed 75224K, reserved 1114112K
  class space    used 9454K, capacity 10161K, committed 10240K, reserved 1048576K
}
Event: 18948.853 GC heap before
{Heap before GC invocations=20 (full 4):
 PSYoungGen      total 254464K, used 9248K [0x000000076bf80000, 0x000000077f580000, 0x00000007c0000000)
  eden space 244736K, 0% used [0x000000076bf80000,0x000000076bf80000,0x000000077ae80000)
  from space 9728K, 95% used [0x000000077ec00000,0x000000077f508050,0x000000077f580000)
  to   space 16384K, 0% used [0x000000077d580000,0x000000077d580000,0x000000077e580000)
 ParOldGen       total 220672K, used 28075K [0x00000006c3e00000, 0x00000006d1580000, 0x000000076bf80000)
  object space 220672K, 12% used [0x00000006c3e00000,0x00000006c596afd8,0x00000006d1580000)
 Metaspace       used 70833K, capacity 75072K, committed 75224K, reserved 1114112K
  class space    used 9454K, capacity 10161K, committed 10240K, reserved 1048576K
Event: 18949.308 GC heap after
Heap after GC invocations=20 (full 4):
 PSYoungGen      total 254464K, used 0K [0x000000076bf80000, 0x000000077f580000, 0x00000007c0000000)
  eden space 244736K, 0% used [0x000000076bf80000,0x000000076bf80000,0x000000077ae80000)
  from space 9728K, 0% used [0x000000077ec00000,0x000000077ec00000,0x000000077f580000)
  to   space 16384K, 0% used [0x000000077d580000,0x000000077d580000,0x000000077e580000)
 ParOldGen       total 220672K, used 25571K [0x00000006c3e00000, 0x00000006d1580000, 0x000000076bf80000)
  object space 220672K, 11% used [0x00000006c3e00000,0x00000006c56f8e28,0x00000006d1580000)
 Metaspace       used 70546K, capacity 74614K, committed 75224K, reserved 1114112K
  class space    used 9408K, capacity 10076K, committed 10240K, reserved 1048576K
}

